0 info it worked if it ends with ok
1 verbose cli [ '/Users/mikecho/.nvm/versions/node/v4.3.1/bin/node',
1 verbose cli   '/Users/mikecho/.nvm/versions/node/v4.3.1/bin/npm',
1 verbose cli   'run',
1 verbose cli   'dev' ]
2 info using npm@3.8.7
3 info using node@v4.3.1
4 verbose config Skipping project config: /Users/mikecho/.npmrc. (matches userconfig)
5 verbose stack Error: ENOENT: no such file or directory, open '/Users/mikecho/package.json'
5 verbose stack     at Error (native)
6 verbose cwd /Users/mikecho/dev/remotebase/blog/themes/casper
7 error Darwin 15.2.0
8 error argv "/Users/mikecho/.nvm/versions/node/v4.3.1/bin/node" "/Users/mikecho/.nvm/versions/node/v4.3.1/bin/npm" "run" "dev"
9 error node v4.3.1
10 error npm  v3.8.7
11 error path /Users/mikecho/package.json
12 error code ENOENT
13 error errno -2
14 error syscall open
15 error enoent ENOENT: no such file or directory, open '/Users/mikecho/package.json'
16 error enoent ENOENT: no such file or directory, open '/Users/mikecho/package.json'
16 error enoent This is most likely not a problem with npm itself
16 error enoent and is related to npm not being able to find a file.
17 verbose exit [ -2, true ]
